# JRE version: Java(TM) SE Runtime Environment (8.0_221-b11) (build 1.8.0_221-b11)
# Java VM: Java HotSpot(TM) 64-Bit Server VM (25.221-b11 mixed mode windows-amd64 compressed oops)
Heap:
 PSYoungGen      total 294400K, used 117063K [0x00000000ecd00000, 0x0000000100000000, 0x0000000100000000)
  eden space 274432K, 38% used [0x00000000ecd00000,0x00000000f3344558,0x00000000fd900000)
  from space 19968K, 61% used [0x00000000fd900000,0x00000000fe50da48,0x00000000fec80000)
  to   space 19968K, 0% used [0x00000000fec80000,0x00000000fec80000,0x0000000100000000)
 ParOldGen       total 72192K, used 23823K [0x00000000c6600000, 0x00000000cac80000, 0x00000000ecd00000)
  object space 72192K, 32% used [0x00000000c6600000,0x00000000c7d43d60,0x00000000cac80000)
 Metaspace       used 79434K, capacity 83304K, committed 83416K, reserved 1122304K
  class space    used 9998K, capacity 10658K, committed 10712K, reserved 1048576K
GC Heap History (10 events):
Event: 1011.977 GC heap before
{Heap before GC invocations=26 (full 6):
 PSYoungGen      total 294912K, used 10624K [0x00000000ecd00000, 0x0000000100000000, 0x0000000100000000)
  eden space 274944K, 0% used [0x00000000ecd00000,0x00000000ecd00000,0x00000000fd980000)
  from space 19968K, 53% used [0x00000000fec80000,0x00000000ff6e0238,0x0000000100000000)
  to   space 19456K, 0% used [0x00000000fd980000,0x00000000fd980000,0x00000000fec80000)
 ParOldGen       total 72192K, used 27821K [0x00000000c6600000, 0x00000000cac80000, 0x00000000ecd00000)
  object space 72192K, 38% used [0x00000000c6600000,0x00000000c812b550,0x00000000cac80000)
 Metaspace       used 76631K, capacity 80396K, committed 80600K, reserved 1120256K
  class space    used 9819K, capacity 10439K, committed 10456K, reserved 1048576K
Event: 1013.003 GC heap after
Heap after GC invocations=26 (full 6):
 PSYoungGen      total 294912K, used 0K [0x00000000ecd00000, 0x0000000100000000, 0x0000000100000000)
  eden space 274944K, 0% used [0x00000000ecd00000,0x00000000ecd00000,0x00000000fd980000)
  from space 19968K, 0% used [0x00000000fec80000,0x00000000fec80000,0x0000000100000000)
  to   space 19456K, 0% used [0x00000000fd980000,0x00000000fd980000,0x00000000fec80000)
 ParOldGen       total 72192K, used 28832K [0x00000000c6600000, 0x00000000cac80000, 0x00000000ecd00000)
  object space 72192K, 39% used [0x00000000c6600000,0x00000000c82281e8,0x00000000cac80000)
 Metaspace       used 76414K, capacity 80040K, committed 80600K, reserved 1120256K
  class space    used 9783K, capacity 10374K, committed 10456K, reserved 1048576K
}
Event: 1021.615 GC heap before
{Heap before GC invocations=27 (full 6):
 PSYoungGen      total 294912K, used 274944K [0x00000000ecd00000, 0x0000000100000000, 0x0000000100000000)
  eden space 274944K, 100% used [0x00000000ecd00000,0x00000000fd980000,0x00000000fd980000)
  from space 19968K, 0% used [0x00000000fec80000,0x00000000fec80000,0x0000000100000000)
  to   space 19456K, 0% used [0x00000000fd980000,0x00000000fd980000,0x00000000fec80000)
 ParOldGen       total 72192K, used 28832K [0x00000000c6600000, 0x00000000cac80000, 0x00000000ecd00000)
  object space 72192K, 39% used [0x00000000c6600000,0x00000000c82281e8,0x00000000cac80000)
 Metaspace       used 78040K, capacity 81782K, committed 82264K, reserved 1120256K
  class space    used 9888K, capacity 10499K, committed 10584K, reserved 1048576K
Event: 1023.353 GC heap after
Heap after GC invocations=27 (full 6):
 PSYoungGen      total 294400K, used 14126K [0x00000000ecd00000, 0x0000000100000000, 0x0000000100000000)
  eden space 274944K, 0% used [0x00000000ecd00000,0x00000000ecd00000,0x00000000fd980000)
  from space 19456K, 72% used [0x00000000fd980000,0x00000000fe74bb58,0x00000000fec80000)
  to   space 19968K, 0% used [0x00000000fec80000,0x00000000fec80000,0x0000000100000000)
 ParOldGen       total 72192K, used 28840K [0x00000000c6600000, 0x00000000cac80000, 0x00000000ecd00000)
  object space 72192K, 39% used [0x00000000c6600000,0x00000000c822a1e8,0x00000000cac80000)
 Metaspace       used 78040K, capacity 81782K, committed 82264K, reserved 1120256K
  class space    used 9888K, capacity 10499K, committed 10584K, reserved 1048576K
}
Event: 1063.407 GC heap before
{Heap before GC invocations=28 (full 6):
 PSYoungGen      total 294400K, used 48496K [0x00000000ecd00000, 0x0000000100000000, 0x0000000100000000)
  eden space 274944K, 12% used [0x00000000ecd00000,0x00000000eee906d0,0x00000000fd980000)
  from space 19456K, 72% used [0x00000000fd980000,0x00000000fe74bb58,0x00000000fec80000)
  to   space 19968K, 0% used [0x00000000fec80000,0x00000000fec80000,0x0000000100000000)
 ParOldGen       total 72192K, used 28840K [0x00000000c6600000, 0x00000000cac80000, 0x00000000ecd00000)
  object space 72192K, 39% used [0x00000000c6600000,0x00000000c822a1e8,0x00000000cac80000)
 Metaspace       used 78061K, capacity 81788K, committed 82264K, reserved 1120256K
  class space    used 9889K, capacity 10501K, committed 10584K, reserved 1048576K
Event: 1063.425 GC heap after
Heap after GC invocations=28 (full 6):
 PSYoungGen      total 294400K, used 4275K [0x00000000ecd00000, 0x0000000100000000, 0x0000000100000000)
  eden space 274432K, 0% used [0x00000000ecd00000,0x00000000ecd00000,0x00000000fd900000)
  from space 19968K, 21% used [0x00000000fec80000,0x00000000ff0acd98,0x0000000100000000)
  to   space 19968K, 0% used [0x00000000fd900000,0x00000000fd900000,0x00000000fec80000)
 ParOldGen       total 72192K, used 28848K [0x00000000c6600000, 0x00000000cac80000, 0x00000000ecd00000)
  object space 72192K, 39% used [0x00000000c6600000,0x00000000c822c1e8,0x00000000cac80000)
 Metaspace       used 78061K, capacity 81788K, committed 82264K, reserved 1120256K
  class space    used 9889K, capacity 10501K, committed 10584K, reserved 1048576K
}
Event: 1063.425 GC heap before
{Heap before GC invocations=29 (full 7):
 PSYoungGen      total 294400K, used 4275K [0x00000000ecd00000, 0x0000000100000000, 0x0000000100000000)
  eden space 274432K, 0% used [0x00000000ecd00000,0x00000000ecd00000,0x00000000fd900000)
  from space 19968K, 21% used [0x00000000fec80000,0x00000000ff0acd98,0x0000000100000000)
  to   space 19968K, 0% used [0x00000000fd900000,0x00000000fd900000,0x00000000fec80000)
 ParOldGen       total 72192K, used 28848K [0x00000000c6600000, 0x00000000cac80000, 0x00000000ecd00000)
  object space 72192K, 39% used [0x00000000c6600000,0x00000000c822c1e8,0x00000000cac80000)
 Metaspace       used 78061K, capacity 81788K, committed 82264K, reserved 1120256K
  class space    used 9889K, capacity 10501K, committed 10584K, reserved 1048576K
Event: 1064.061 GC heap after
Heap after GC invocations=29 (full 7):
 PSYoungGen      total 294400K, used 0K [0x00000000ecd00000, 0x0000000100000000, 0x0000000100000000)
  eden space 274432K, 0% used [0x00000000ecd00000,0x00000000ecd00000,0x00000000fd900000)
  from space 19968K, 0% used [0x00000000fec80000,0x00000000fec80000,0x0000000100000000)
  to   space 19968K, 0% used [0x00000000fd900000,0x00000000fd900000,0x00000000fec80000)
 ParOldGen       total 72192K, used 23815K [0x00000000c6600000, 0x00000000cac80000, 0x00000000ecd00000)
  object space 72192K, 32% used [0x00000000c6600000,0x00000000c7d41d60,0x00000000cac80000)
 Metaspace       used 78039K, capacity 81752K, committed 82264K, reserved 1120256K
  class space    used 9885K, capacity 10494K, committed 10584K, reserved 1048576K
}
Event: 1074.310 GC heap before
{Heap before GC invocations=30 (full 7):
 PSYoungGen      total 294400K, used 274432K [0x00000000ecd00000, 0x0000000100000000, 0x0000000100000000)
  eden space 274432K, 100% used [0x00000000ecd00000,0x00000000fd900000,0x00000000fd900000)
  from space 19968K, 0% used [0x00000000fec80000,0x00000000fec80000,0x0000000100000000)
  to   space 19968K, 0% used [0x00000000fd900000,0x00000000fd900000,0x00000000fec80000)
 ParOldGen       total 72192K, used 23815K [0x00000000c6600000, 0x00000000cac80000, 0x00000000ecd00000)
  object space 72192K, 32% used [0x00000000c6600000,0x00000000c7d41d60,0x00000000cac80000)
 Metaspace       used 79269K, capacity 83132K, committed 83416K, reserved 1122304K
  class space    used 9990K, capacity 10652K, committed 10712K, reserved 1048576K
Event: 1074.361 GC heap after
Heap after GC invocations=30 (full 7):
 PSYoungGen      total 294400K, used 12342K [0x00000000ecd00000, 0x0000000100000000, 0x0000000100000000)
  eden space 274432K, 0% used [0x00000000ecd00000,0x00000000ecd00000,0x00000000fd900000)
  from space 19968K, 61% used [0x00000000fd900000,0x00000000fe50da48,0x00000000fec80000)
  to   space 19968K, 0% used [0x00000000fec80000,0x00000000fec80000,0x0000000100000000)
 ParOldGen       total 72192K, used 23823K [0x00000000c6600000, 0x00000000cac80000, 0x00000000ecd00000)
  object space 72192K, 32% used [0x00000000c6600000,0x00000000c7d43d60,0x00000000cac80000)
 Metaspace       used 79269K, capacity 83132K, committed 83416K, reserved 1122304K
  class space    used 9990K, capacity 10652K, committed 10712K, reserved 1048576K
}

